2022/08/07 20:04:40 Starting the process 2022-08-07 20:04:40.8499198 +0530 IST my-computer
2022/08/07 20:04:42 email address is  sharadregoti15@gmail.com
2022/08/07 20:05:12 
2022/08/07 20:05:12 Processing 0 messages...
2022/08/07 20:05:12 Checking USB
2022/08/07 20:05:12 0 USB Devices Found
2022/08/07 20:05:42 
2022/08/07 20:05:42 Processing 0 messages...
2022/08/07 20:05:42 Checking USB
2022/08/07 20:05:42 0 USB Devices Found
2022/08/07 20:06:12 
2022/08/07 20:06:12 Processing 0 messages...
2022/08/07 20:06:12 Checking USB
2022/08/07 20:06:12 0 USB Devices Found
2022/08/07 21:02:40 Starting the process 2022-08-07 21:02:40.4884869 +0530 IST my-computer
2022/08/07 21:02:42 email address is  sharadregoti15@gmail.com
2022/08/07 21:02:58 Starting the process 2022-08-07 21:02:58.0375188 +0530 IST my-computer
2022/08/07 21:02:59 email address is  sharadregoti15@gmail.com
2022/08/07 21:03:22 Starting the process 2022-08-07 21:03:22.3569625 +0530 IST my-computer
2022/08/07 21:03:23 email address is  sharadregoti15@gmail.com
2022/08/07 21:09:17 Starting the process 2022-08-07 21:09:17.2385583 +0530 IST my-computer
2022/08/07 21:09:18 email address is  sharadregoti15@gmail.com
